

*******************************************************************************
Wed Aug 24 19:23:29 2022


FIT:    data read from "spacebeam.txt"
        format = z
        x range restricted to [0.00000 : 90.0000]
        #datapoints = 4
        residuals are weighted equally (unit weight)

function used for fitting: g(x)
	g(x) = g*cos(x)**n
fitted parameters initialized with current variable values

iter      chisq       delta/lim  lambda   g             n            
   0 2.4349669708e-03   0.00e+00  4.29e-03    9.317292e-03   2.000000e+00
   8 1.0718690199e-03  -4.69e-05  4.29e-06    3.196489e-02   4.353369e-01

After 8 iterations the fit converged.
final sum of squares of residuals : 0.00107187
rel. change during last iteration : -4.69253e-10

degrees of freedom    (FIT_NDF)                        : 2
rms of residuals      (FIT_STDFIT) = sqrt(WSSR/ndf)    : 0.0231503
variance of residuals (reduced chisquare) = WSSR/ndf   : 0.000535935

Final set of parameters            Asymptotic Standard Error
=======================            ==========================
g               = 0.0319649        +/- 0.01671      (52.27%)
n               = 0.435337         +/- 0.3054       (70.15%)

correlation matrix of the fit parameters:
                g      n      
g               1.000 
n               0.234  1.000 


*******************************************************************************
Wed Aug 24 19:28:12 2022


FIT:    data read from "spacebeam.txt"
        format = z
        x range restricted to [0.00000 : 90.0000]
        #datapoints = 4
        residuals are weighted equally (unit weight)

function used for fitting: g(x)
	g(x) = g*cos(x/180*pi)**n
fitted parameters initialized with current variable values

iter      chisq       delta/lim  lambda   g             n            
   0 2.3162862931e-03   0.00e+00  4.39e-03    9.317292e-03   2.000000e+00
  29 9.4632555345e-04  -1.44e-01  4.39e-04    2.778937e-02   9.907129e-02

After 29 iterations the fit converged.
final sum of squares of residuals : 0.000946326
rel. change during last iteration : -1.44113e-06

degrees of freedom    (FIT_NDF)                        : 2
rms of residuals      (FIT_STDFIT) = sqrt(WSSR/ndf)    : 0.0217523
variance of residuals (reduced chisquare) = WSSR/ndf   : 0.000473163

Final set of parameters            Asymptotic Standard Error
=======================            ==========================
g               = 0.0277894        +/- 0.01403      (50.49%)
n               = 0.0990713        +/- 0.7676       (774.8%)

correlation matrix of the fit parameters:
                g      n      
g               1.000 
n               0.396  1.000 


*******************************************************************************
Wed Aug 24 19:39:44 2022


FIT:    data read from "space_cheat.txt"
        format = z
        x range restricted to [0.00000 : 90.0000]
        #datapoints = 4
        residuals are weighted equally (unit weight)

function used for fitting: g(x)
	g(x) = g*cos(x/180*pi)**n
fitted parameters initialized with current variable values

iter      chisq       delta/lim  lambda   g             n            
   0 1.5326201675e-05   0.00e+00  3.62e-02    7.666478e-02   2.000000e+00
   4 5.9141600647e-06  -2.00e-01  3.62e-06    7.571710e-02   2.147884e+00

After 4 iterations the fit converged.
final sum of squares of residuals : 5.91416e-06
rel. change during last iteration : -1.99562e-06

degrees of freedom    (FIT_NDF)                        : 2
rms of residuals      (FIT_STDFIT) = sqrt(WSSR/ndf)    : 0.00171962
variance of residuals (reduced chisquare) = WSSR/ndf   : 2.95708e-06

Final set of parameters            Asymptotic Standard Error
=======================            ==========================
g               = 0.0757171        +/- 0.001584     (2.092%)
n               = 2.14788          +/- 0.131        (6.101%)

correlation matrix of the fit parameters:
                g      n      
g               1.000 
n               0.493  1.000 


*******************************************************************************
Wed Aug 24 20:22:27 2022


FIT:    data read from "spacebeam.txt"
        format = z
        x range restricted to [0.00000 : 90.0000]
        #datapoints = 4
        residuals are weighted equally (unit weight)

function used for fitting: g(x)
	g(x) = g*cos(x/180*pi)**n
fitted parameters initialized with current variable values

iter      chisq       delta/lim  lambda   g             n            
   0 1.5577995484e-03   0.00e+00  1.92e-02    4.076272e-02   2.000000e+00
  11 9.4633992992e-04  -5.23e-01  1.92e-03    2.776881e-02   9.590429e-02

After 11 iterations the fit converged.
final sum of squares of residuals : 0.00094634
rel. change during last iteration : -5.22772e-06

degrees of freedom    (FIT_NDF)                        : 2
rms of residuals      (FIT_STDFIT) = sqrt(WSSR/ndf)    : 0.0217525
variance of residuals (reduced chisquare) = WSSR/ndf   : 0.00047317

Final set of parameters            Asymptotic Standard Error
=======================            ==========================
g               = 0.0277688        +/- 0.01384      (49.85%)
n               = 0.0959043        +/- 0.6967       (726.4%)

correlation matrix of the fit parameters:
                g      n      
g               1.000 
n               0.368  1.000 


*******************************************************************************
Wed Aug 24 20:23:09 2022


FIT:    data read from "new_space.txt"
        format = z
        x range restricted to [0.00000 : 90.0000]
        #datapoints = 4
        residuals are weighted equally (unit weight)

function used for fitting: g(x)
	g(x) = g*cos(x/180*pi)**n
fitted parameters initialized with current variable values

iter      chisq       delta/lim  lambda   g             n            
   0 1.2698926615e-03   0.00e+00  1.66e-02    2.776881e-02   9.590429e-02
  10 6.1556243251e-05  -5.87e-01  1.66e-12    4.146993e-02   5.366437e+00

After 10 iterations the fit converged.
final sum of squares of residuals : 6.15562e-05
rel. change during last iteration : -5.8676e-06

degrees of freedom    (FIT_NDF)                        : 2
rms of residuals      (FIT_STDFIT) = sqrt(WSSR/ndf)    : 0.0055478
variance of residuals (reduced chisquare) = WSSR/ndf   : 3.07781e-05

Final set of parameters            Asymptotic Standard Error
=======================            ==========================
g               = 0.0414699        +/- 0.005525     (13.32%)
n               = 5.36644          +/- 2.026        (37.75%)

correlation matrix of the fit parameters:
                g      n      
g               1.000 
n               0.374  1.000 


*******************************************************************************
Wed Aug 24 20:24:34 2022


FIT:    data read from "new_space.txt"
        format = z
        x range restricted to [0.00000 : 90.0000]
        #datapoints = 4
        residuals are weighted equally (unit weight)

function used for fitting: g(x)
	g(x) = g*cos(x/180*pi)**n
fitted parameters initialized with current variable values

iter      chisq       delta/lim  lambda   g             n            
   0 1.7723237546e-04   0.00e+00  1.80e-02    4.076272e-02   3.000000e+00
   7 6.1556440328e-05  -8.53e-01  1.80e-09    4.146396e-02   5.360561e+00

After 7 iterations the fit converged.
final sum of squares of residuals : 6.15564e-05
rel. change during last iteration : -8.53174e-06

degrees of freedom    (FIT_NDF)                        : 2
rms of residuals      (FIT_STDFIT) = sqrt(WSSR/ndf)    : 0.00554781
variance of residuals (reduced chisquare) = WSSR/ndf   : 3.07782e-05

Final set of parameters            Asymptotic Standard Error
=======================            ==========================
g               = 0.041464         +/- 0.005525     (13.33%)
n               = 5.36056          +/- 2.024        (37.75%)

correlation matrix of the fit parameters:
                g      n      
g               1.000 
n               0.374  1.000 


*******************************************************************************
Wed Aug 24 20:25:26 2022


FIT:    data read from "new_space.txt"
        format = z
        x range restricted to [0.00000 : 90.0000]
        #datapoints = 4
        residuals are weighted equally (unit weight)

function used for fitting: g(x)
	g(x) = g*cos(x/180*pi)**n
fitted parameters initialized with current variable values

iter      chisq       delta/lim  lambda   g             n            
   0 9.9586818522e-04   0.00e+00  2.10e-02    4.076272e-02   1.000000e+00
   9 6.1556232174e-05  -3.91e-01  2.10e-11    4.146945e-02   5.365969e+00

After 9 iterations the fit converged.
final sum of squares of residuals : 6.15562e-05
rel. change during last iteration : -3.90677e-06

degrees of freedom    (FIT_NDF)                        : 2
rms of residuals      (FIT_STDFIT) = sqrt(WSSR/ndf)    : 0.0055478
variance of residuals (reduced chisquare) = WSSR/ndf   : 3.07781e-05

Final set of parameters            Asymptotic Standard Error
=======================            ==========================
g               = 0.0414695        +/- 0.005525     (13.32%)
n               = 5.36597          +/- 2.026        (37.75%)

correlation matrix of the fit parameters:
                g      n      
g               1.000 
n               0.374  1.000 


*******************************************************************************
Wed Aug 24 20:25:38 2022


FIT:    data read from "new_space.txt"
        format = z
        x range restricted to [0.00000 : 90.0000]
        #datapoints = 4
        residuals are weighted equally (unit weight)

function used for fitting: g(x)
	g(x) = g*cos(x/180*pi)**n
fitted parameters initialized with current variable values

iter      chisq       delta/lim  lambda   g             n            
   0 6.7163800297e-05   0.00e+00  1.63e-02    4.076272e-02   6.000000e+00
   6 6.1556329929e-05  -2.69e-01  1.63e-08    4.146533e-02   5.361918e+00

After 6 iterations the fit converged.
final sum of squares of residuals : 6.15563e-05
rel. change during last iteration : -2.68506e-06

degrees of freedom    (FIT_NDF)                        : 2
rms of residuals      (FIT_STDFIT) = sqrt(WSSR/ndf)    : 0.00554781
variance of residuals (reduced chisquare) = WSSR/ndf   : 3.07782e-05

Final set of parameters            Asymptotic Standard Error
=======================            ==========================
g               = 0.0414653        +/- 0.005525     (13.33%)
n               = 5.36192          +/- 2.024        (37.75%)

correlation matrix of the fit parameters:
                g      n      
g               1.000 
n               0.374  1.000 


*******************************************************************************
Wed Aug 24 20:27:55 2022


FIT:    data read from "new_space.txt" using 1:2:(sqrt($2))
        format = x:z:s
        x range restricted to [0.00000 : 90.0000]

Current data point
=========================
#               = 3 out of 3
x               = 90             
z               = 0              
s               = 0              

BREAK: Zero error value in data file

*******************************************************************************
Wed Aug 24 20:28:33 2022


FIT:    data read from "new_space.txt" using 1:2:(sqrt($2))
        format = x:z:s
        x range restricted to [0.00000 : 90.0000]

Current data point
=========================
#               = 3 out of 3
x               = 90             
z               = 0              
s               = 0              

BREAK: Zero error value in data file

*******************************************************************************
Wed Aug 24 20:32:04 2022


FIT:    data read from "new_space.txt" using 1:2:($2**0.5)
        format = x:z:s
        x range restricted to [0.00000 : 90.0000]

Current data point
=========================
#               = 3 out of 3
x               = 90             
z               = 0              
s               = 0              

BREAK: Zero error value in data file

*******************************************************************************
Wed Aug 24 20:32:37 2022


FIT:    data read from "new_space.txt" using 1:2:($2**0.5)
        format = x:z:s
        x range restricted to [0.00000 : 91.0000]

Current data point
=========================
#               = 3 out of 3
x               = 90             
z               = 0              
s               = 0              

BREAK: Zero error value in data file

*******************************************************************************
Wed Aug 24 20:32:45 2022


FIT:    data read from "new_space.txt" using 1:2:($2**0.5)
        format = x:z:s
        x range restricted to [0.00000 : 89.0000]
        #datapoints = 2
function used for fitting: g(x)
	g(x) = g*cos(x/180*pi)**n
fitted parameters initialized with current variable values

iter      chisq       delta/lim  lambda   g             n            
   0 5.0232340689e-03   0.00e+00  1.50e-01    4.076272e-02   2.000000e+00
   7 0.0000000000e+00  -inf       1.50e-08    4.076272e-02   4.493918e+00

After 7 iterations the fit converged.
final sum of squares of residuals : 0
abs. change during last iteration : -1.39352e-31


Exactly as many data points as there are parameters.
In this degenerate case, all errors are zero by definition.

Final set of parameters 
======================= 

g               = 0.0407627      
n               = 4.49392        


*******************************************************************************
Wed Aug 24 22:33:54 2022


FIT:    data read from "new_space.txt" using 1:2:($2**0.5)
        format = x:z:s
        x range restricted to [0.00000 : 89.0000]
        #datapoints = 2
function used for fitting: g(x)
	g(x) = g*cos(x/180*pi)**n
fitted parameters initialized with current variable values

iter      chisq       delta/lim  lambda   g             n            
   0 0.0000000000e+00  nan        1.33e-01    4.076272e-02   4.493918e+00
   1 0.0000000000e+00  nan        1.33e-02    4.076272e-02   4.493918e+00

After 1 iterations the fit converged.
final sum of squares of residuals : 0
abs. change during last iteration : 0


Exactly as many data points as there are parameters.
In this degenerate case, all errors are zero by definition.

Final set of parameters 
======================= 

g               = 0.0407627      
n               = 4.49392        


*******************************************************************************
Wed Aug 24 22:36:14 2022


FIT:    data read from "new_space.txt" using 1:2:($2**0.5)
        format = x:z:s
        x range restricted to [0.00000 : 91.0000]

Current data point
=========================
#               = 3 out of 3
x               = 90             
z               = 0              
s               = 0              

BREAK: Zero error value in data file

*******************************************************************************
Wed Aug 24 22:36:24 2022


FIT:    data read from "new_space.txt" using 1:2:($2**0.5)
        format = x:z:s
        x range restricted to [0.00000 : 90.0000]

Current data point
=========================
#               = 3 out of 3
x               = 90             
z               = 0              
s               = 0              

BREAK: Zero error value in data file

*******************************************************************************
Wed Aug 24 22:54:49 2022


FIT:    data read from "new_space.txt" using 1:2
        format = x:z
        x range restricted to [0.00000 : 90.0000]
        #datapoints = 4
        residuals are weighted equally (unit weight)

function used for fitting: g(x)
	g(x) = g*cos(x/180*pi)**n
fitted parameters initialized with current variable values

iter      chisq       delta/lim  lambda   g             n            
   0 7.1234367982e-05   0.00e+00  1.69e-02    4.076272e-02   4.493918e+00
   7 6.1556283706e-05  -7.23e-02  1.69e-09    4.146613e-02   5.362705e+00

After 7 iterations the fit converged.
final sum of squares of residuals : 6.15563e-05
rel. change during last iteration : -7.22947e-07

degrees of freedom    (FIT_NDF)                        : 2
rms of residuals      (FIT_STDFIT) = sqrt(WSSR/ndf)    : 0.00554781
variance of residuals (reduced chisquare) = WSSR/ndf   : 3.07781e-05

Final set of parameters            Asymptotic Standard Error
=======================            ==========================
g               = 0.0414661        +/- 0.005525     (13.32%)
n               = 5.36271          +/- 2.025        (37.75%)

correlation matrix of the fit parameters:
                g      n      
g               1.000 
n               0.374  1.000 


*******************************************************************************
Wed Aug 24 22:55:04 2022


FIT:    data read from "new_space.txt" using 1:2:($2**0.5)
        format = x:z:s
        x range restricted to [0.00000 : 90.0000]

Current data point
=========================
#               = 3 out of 3
x               = 90             
z               = 0              
s               = 0              

BREAK: Zero error value in data file

*******************************************************************************
Wed Aug 24 22:55:56 2022


FIT:    data read from "new_space.txt" using 1:2:($2**0.5)
        format = x:z:s
        x range restricted to [0.00000 : 89.0000]
        #datapoints = 2
function used for fitting: g(x)
	g(x) = g*cos(x/180*pi)**n
fitted parameters initialized with current variable values

iter      chisq       delta/lim  lambda   g             n            
   0 2.8486008827e-04   0.00e+00  1.31e-01    4.146613e-02   5.362705e+00
   6 0.0000000000e+00  -inf       1.31e-07    4.076272e-02   4.493918e+00

After 6 iterations the fit converged.
final sum of squares of residuals : 0
abs. change during last iteration : -6.44362e-30


Exactly as many data points as there are parameters.
In this degenerate case, all errors are zero by definition.

Final set of parameters 
======================= 

g               = 0.0407627      
n               = 4.49392        


*******************************************************************************
Wed Aug 24 22:56:33 2022


FIT:    data read from "new_space.txt" using 1:2:($2**0.5)
        format = x:z:s
        x range restricted to [0.00000 : 90.0000]

Current data point
=========================
#               = 3 out of 3
x               = 90             
z               = 0              
s               = 0              

BREAK: Zero error value in data file

*******************************************************************************
Wed Aug 24 23:07:52 2022


FIT:    data read from "new_space.txt" using 1:2:3
        format = x:z:s
        x range restricted to [0.00000 : 90.0000]
        #datapoints = 4
function used for fitting: g(x)
	g(x) = g*cos(x/180*pi)**n
fitted parameters initialized with current variable values

iter      chisq       delta/lim  lambda   g             n            
   0 8.2438068207e-01   0.00e+00  1.59e+00    4.076272e-02   4.493918e+00
   7 6.9907376495e-01  -4.10e-01  1.59e-07    4.163659e-02   5.482284e+00

After 7 iterations the fit converged.
final sum of squares of residuals : 0.699074
rel. change during last iteration : -4.09985e-06

degrees of freedom    (FIT_NDF)                        : 2
rms of residuals      (FIT_STDFIT) = sqrt(WSSR/ndf)    : 0.591216
variance of residuals (reduced chisquare) = WSSR/ndf   : 0.349537
p-value of the Chisq distribution (FIT_P)              : 0.705015

Final set of parameters            Asymptotic Standard Error
=======================            ==========================
g               = 0.0416366        +/- 0.006386     (15.34%)
n               = 5.48228          +/- 2.237        (40.8%)

correlation matrix of the fit parameters:
                g      n      
g               1.000 
n               0.388  1.000 


*******************************************************************************
Thu Aug 25 13:55:25 2022


FIT:    data read from "new2_space.txt" using 1:2:3
        format = x:z:s
        x range restricted to [-5.00000 : 94.0000]
        #datapoints = 4
function used for fitting: g(x)
	g(x) = g*(cos(x/180*pi))**n
fitted parameters initialized with current variable values

iter      chisq       delta/lim  lambda   g             n            
   0 7.6170707515e+01   0.00e+00  6.16e+00    1.000000e-01   2.000000e+00
   4 1.8085496120e+01  -6.88e-01  6.16e-04    5.903133e-02   3.004945e+00

After 4 iterations the fit converged.
final sum of squares of residuals : 18.0855
rel. change during last iteration : -6.88082e-06

degrees of freedom    (FIT_NDF)                        : 2
rms of residuals      (FIT_STDFIT) = sqrt(WSSR/ndf)    : 3.00712
variance of residuals (reduced chisquare) = WSSR/ndf   : 9.04275
p-value of the Chisq distribution (FIT_P)              : 0.000118245

Final set of parameters            Asymptotic Standard Error
=======================            ==========================
g               = 0.0590313        +/- 0.0248       (42.01%)
n               = 3.00495          +/- 2.273        (75.63%)

correlation matrix of the fit parameters:
                g      n      
g               1.000 
n               0.442  1.000 


*******************************************************************************
Thu Aug 25 14:02:39 2022


FIT:    data read from "new2_space.txt" using 1:2:3
        format = x:z:s
        x range restricted to [-5.00000 : 94.0000]
        #datapoints = 4
function used for fitting: g(x)
	g(x) = g*(cos(x/180*pi))**n
fitted parameters initialized with current variable values

iter      chisq       delta/lim  lambda   g             n            
   0 6.8820184447e+02   0.00e+00  9.99e+00    5.903133e-02   3.004945e+00
  10 4.2404055791e-01  -3.92e-01  9.99e-10    3.887447e-03   7.191187e+00

After 10 iterations the fit converged.
final sum of squares of residuals : 0.424041
rel. change during last iteration : -3.91543e-06

degrees of freedom    (FIT_NDF)                        : 2
rms of residuals      (FIT_STDFIT) = sqrt(WSSR/ndf)    : 0.460457
variance of residuals (reduced chisquare) = WSSR/ndf   : 0.21202
p-value of the Chisq distribution (FIT_P)              : 0.808948

Final set of parameters            Asymptotic Standard Error
=======================            ==========================
g               = 0.00388745       +/- 0.001163     (29.92%)
n               = 7.19119          +/- 8.709        (121.1%)

correlation matrix of the fit parameters:
                g      n      
g               1.000 
n               0.417  1.000 


*******************************************************************************
Thu Aug 25 14:06:13 2022


FIT:    data read from "new2_space.txt" using 1:2:3
        format = x:z:s
        x range restricted to [-5.00000 : 94.0000]
        #datapoints = 4
function used for fitting: g(x)
	g(x) = g*(cos(x/180*pi))**n
fitted parameters initialized with current variable values

iter      chisq       delta/lim  lambda   g             n            
   0 9.5225338408e+00   0.00e+00  1.52e+00    1.000000e-02   2.000000e+00
  19 1.9196835038e+00  -1.74e-04  1.52e-01    3.737253e-03   4.000998e-01

After 19 iterations the fit converged.
final sum of squares of residuals : 1.91968
rel. change during last iteration : -1.74287e-09

degrees of freedom    (FIT_NDF)                        : 2
rms of residuals      (FIT_STDFIT) = sqrt(WSSR/ndf)    : 0.979715
variance of residuals (reduced chisquare) = WSSR/ndf   : 0.959842
p-value of the Chisq distribution (FIT_P)              : 0.382953

Final set of parameters            Asymptotic Standard Error
=======================            ==========================
g               = 0.00373725       +/- 0.002061     (55.13%)
n               = 0.4001           +/- 0.4726       (118.1%)

correlation matrix of the fit parameters:
                g      n      
g               1.000 
n               0.200  1.000 


*******************************************************************************
Thu Aug 25 14:31:31 2022


FIT:    data read from "final_space.txt" using 1:2:3
        format = x:z:s
        x range restricted to [0.00000 : 90.0000]
        #datapoints = 4
function used for fitting: g(x)
	g(x) = g*(cos(x/180*pi))**n
fitted parameters initialized with current variable values

iter      chisq       delta/lim  lambda   g             n            
   0 1.4663704526e+01   0.00e+00  2.72e+00    6.000000e-02   2.000000e+00
   8 6.9907331369e-01  -2.68e-01  2.72e-08    4.163716e-02   5.482799e+00

After 8 iterations the fit converged.
final sum of squares of residuals : 0.699073
rel. change during last iteration : -2.6771e-06

degrees of freedom    (FIT_NDF)                        : 2
rms of residuals      (FIT_STDFIT) = sqrt(WSSR/ndf)    : 0.591216
variance of residuals (reduced chisquare) = WSSR/ndf   : 0.349537
p-value of the Chisq distribution (FIT_P)              : 0.705015

Final set of parameters            Asymptotic Standard Error
=======================            ==========================
g               = 0.0416372        +/- 0.006386     (15.34%)
n               = 5.4828           +/- 2.237        (40.8%)

correlation matrix of the fit parameters:
                g      n      
g               1.000 
n               0.388  1.000 


*******************************************************************************
Thu Aug 25 15:11:32 2022


FIT:    data read from "final_space.txt" using 1:2:3
        format = x:z:s
        x range restricted to [0.00000 : 90.0000]
        #datapoints = 4
function used for fitting: g(x)
	g(x) = g*(cos(x/180**pi)**2)
fitted parameters initialized with current variable values

iter      chisq       delta/lim  lambda   g             n            
   0 1.6477314315e+04   0.00e+00  4.61e+01    6.000000e-01   2.000000e+00
BREAK: Singular matrix in Invert_RtR

*******************************************************************************
Thu Aug 25 15:13:02 2022


FIT:    data read from "final_space.txt" using 1:2:3
        format = x:z:s
        x range restricted to [0.00000 : 90.0000]
        #datapoints = 4
function used for fitting: g(x)
	g(x) = g*(cos(x/180**pi)**n)
fitted parameters initialized with current variable values

iter      chisq       delta/lim  lambda   g             n            
   0 1.3644179805e+01   0.00e+00  7.53e-01    9.802584e-03   2.002000e+00
   1 1.3644179805e+01   0.00e+00  7.53e-02    9.802584e-03   2.002000e+00

After 1 iterations the fit converged.
final sum of squares of residuals : 13.6442
rel. change during last iteration : 0

degrees of freedom    (FIT_NDF)                        : 2
rms of residuals      (FIT_STDFIT) = sqrt(WSSR/ndf)    : 2.61191
variance of residuals (reduced chisquare) = WSSR/ndf   : 6.82209
p-value of the Chisq distribution (FIT_P)              : 0.00108944

Final set of parameters            Asymptotic Standard Error
=======================            ==========================
g               = 0.00980258       +/- 0.01894      (193.2%)
n               = 2.002            +/- 1.095e+11    (5.47e+12%)

correlation matrix of the fit parameters:
                g      n      
g               1.000 
n               0.773  1.000 


*******************************************************************************
Thu Aug 25 15:13:29 2022


FIT:    data read from "final_space.txt" using 1:2:3
        format = x:z:s
        x range restricted to [0.00000 : 90.0000]
        #datapoints = 4
function used for fitting: g(x)
	g(x) = g*(cos(x/180*pi)**n)
fitted parameters initialized with current variable values

iter      chisq       delta/lim  lambda   g             n            
   0 1.0525286859e+01   0.00e+00  4.44e-01    9.802584e-03   2.002000e+00
   6 6.9907382015e-01  -4.28e-01  4.44e-07    4.163653e-02   5.482225e+00

After 6 iterations the fit converged.
final sum of squares of residuals : 0.699074
rel. change during last iteration : -4.28056e-06

degrees of freedom    (FIT_NDF)                        : 2
rms of residuals      (FIT_STDFIT) = sqrt(WSSR/ndf)    : 0.591216
variance of residuals (reduced chisquare) = WSSR/ndf   : 0.349537
p-value of the Chisq distribution (FIT_P)              : 0.705014

Final set of parameters            Asymptotic Standard Error
=======================            ==========================
g               = 0.0416365        +/- 0.006386     (15.34%)
n               = 5.48222          +/- 2.237        (40.8%)

correlation matrix of the fit parameters:
                g      n      
g               1.000 
n               0.388  1.000 


*******************************************************************************
Thu Aug 25 15:30:17 2022


FIT:    data read from "final_space.txt" using 1:2:3
        format = x:z:s
        x range restricted to [0.00000 : 90.0000]
        #datapoints = 4
function used for fitting: g(x)
	g(x) = a*(cos(x/180*pi))**n+c
fitted parameters initialized with current variable values

iter      chisq       delta/lim  lambda   a             n            
   0 8.5534055058e+02   0.00e+00  4.92e-01    1.085219e-02   2.000000e+00
  55 1.0825328703e+01  -9.28e-05  4.92e-04    1.442294e-01   3.179960e-03

After 55 iterations the fit converged.
final sum of squares of residuals : 10.8253
rel. change during last iteration : -9.2819e-10

degrees of freedom    (FIT_NDF)                        : 2
rms of residuals      (FIT_STDFIT) = sqrt(WSSR/ndf)    : 2.32651
variance of residuals (reduced chisquare) = WSSR/ndf   : 5.41266
p-value of the Chisq distribution (FIT_P)              : 0.00445974

Final set of parameters            Asymptotic Standard Error
=======================            ==========================
a               = 0.144229         +/- 0.01362      (9.442%)
n               = 0.00317996       +/- 0.004484     (141%)

correlation matrix of the fit parameters:
                a      n      
a               1.000 
n               0.574  1.000 


*******************************************************************************
Thu Aug 25 15:31:24 2022


FIT:    data read from "final_space.txt" using 1:2:3
        format = x:z:s
        x range restricted to [0.00000 : 90.0000]
        #datapoints = 4
function used for fitting: g(x)
	g(x) = a*(cos(x/180*pi))**n+c
fitted parameters initialized with current variable values

iter      chisq       delta/lim  lambda   a             n             c            
   0 1.0825328703e+01   0.00e+00  8.72e+00    1.442294e-01   3.179960e-03   7.549892e-03
   1 1.0825328702e+01  -1.21e-05  8.72e-01    1.442294e-01   3.179961e-03   7.549914e-03

After 1 iterations the fit converged.
final sum of squares of residuals : 10.8253
rel. change during last iteration : -1.21298e-10

degrees of freedom    (FIT_NDF)                        : 1
rms of residuals      (FIT_STDFIT) = sqrt(WSSR/ndf)    : 3.29019
variance of residuals (reduced chisquare) = WSSR/ndf   : 10.8253
p-value of the Chisq distribution (FIT_P)              : 0.00100121

Final set of parameters            Asymptotic Standard Error
=======================            ==========================
a               = 0.144229         +/- 357.4        (2.478e+05%)
n               = 0.00317996       +/- 8.371        (2.632e+05%)
c               = 0.00754991       +/- 357.4        (4.734e+06%)

correlation matrix of the fit parameters:
                a      n      c      
a               1.000 
n              -1.000  1.000 
c              -1.000  1.000  1.000 


*******************************************************************************
Thu Aug 25 15:32:59 2022


FIT:    data read from "final_space.txt" using 1:2:3
        format = x:z:s
        x range restricted to [0.00000 : 90.0000]
        #datapoints = 4
function used for fitting: g(x)
	g(x) = a*(cos(x/180*pi))**n+c
fitted parameters initialized with current variable values

iter      chisq       delta/lim  lambda   a             n             c            
   0 4.5022544600e+00   0.00e+00  8.66e+00    4.076272e-02   2.000000e+00   1.358981e-01
  10 5.2133825814e-01  -2.70e-01  8.66e-10    4.431573e-02   4.932701e+00   1.332502e-01

After 10 iterations the fit converged.
final sum of squares of residuals : 0.521338
rel. change during last iteration : -2.7039e-06

degrees of freedom    (FIT_NDF)                        : 1
rms of residuals      (FIT_STDFIT) = sqrt(WSSR/ndf)    : 0.722038
variance of residuals (reduced chisquare) = WSSR/ndf   : 0.521338
p-value of the Chisq distribution (FIT_P)              : 0.470271

Final set of parameters            Asymptotic Standard Error
=======================            ==========================
a               = 0.0443157        +/- 0.008859     (19.99%)
n               = 4.9327           +/- 2.646        (53.63%)
c               = 0.13325          +/- 0.004767     (3.578%)

correlation matrix of the fit parameters:
                a      n      c      
a               1.000 
n               0.077  1.000 
c              -0.481  0.494  1.000 
