

*******************************************************************************
Thu Aug 25 00:16:55 2022


FIT:    data read from "4sheet.txt"
        format = z
        x range restricted to [100.000 : 300.000]
        #datapoints = 201
        residuals are weighted equally (unit weight)

function used for fitting: g(x)
	g(x) = g*exp(-((x-h)/i)**2/2)
fitted parameters initialized with current variable values

iter      chisq       delta/lim  lambda   g             h             i            
   0 4.4644467968e+06   0.00e+00  1.42e-01    6.000000e+02   3.900000e+02   2.000000e+01
   9 2.9812620444e+04  -1.53e-01  1.42e-01    9.840057e+03  -1.475531e+03   5.732025e+02

After 9 iterations the fit converged.
final sum of squares of residuals : 29812.6
rel. change during last iteration : -1.52584e-06

degrees of freedom    (FIT_NDF)                        : 198
rms of residuals      (FIT_STDFIT) = sqrt(WSSR/ndf)    : 12.2706
variance of residuals (reduced chisquare) = WSSR/ndf   : 150.569

Final set of parameters            Asymptotic Standard Error
=======================            ==========================
g               = 9840.06          +/- 5.682e+04    (577.4%)
h               = -1475.53         +/- 2274         (154.1%)
i               = 573.203          +/- 386.5        (67.43%)

correlation matrix of the fit parameters:
                g      h      i      
g               1.000 
h              -1.000  1.000 
i               0.999 -1.000  1.000 


*******************************************************************************
Thu Aug 25 00:17:09 2022


FIT:    data read from "4sheet.txt" using 1:6:7
        format = x:z:s
        x range restricted to [100.000 : 300.000]
        #datapoints = 201
function used for fitting: g(x)
	g(x) = g*exp(-((x-h)/i)**2/2)
fitted parameters initialized with current variable values

iter      chisq       delta/lim  lambda   g             h             i            
   0 2.6451552454e+09   0.00e+00  2.38e+04    9.840057e+03  -1.475531e+03   5.732025e+02
BREAK: w = 0 in Givens();  Cjj = 7.49707e-169,  Cij = 7.33698e-169

*******************************************************************************
Thu Aug 25 00:17:27 2022


FIT:    data read from "4sheet.txt" using 1:6:7
        format = x:z:s
        x range restricted to [100.000 : 300.000]
        #datapoints = 201
function used for fitting: g(x)
	g(x) = g*exp(-((x-h)/i)**2/2)
fitted parameters initialized with current variable values

iter      chisq       delta/lim  lambda   g             h             i            
   0 8.2574753786e+03   0.00e+00  0.00e+00   -1.651554e+04  -1.172033e+04   4.188158e+02
BREAK: w = 0 in Givens();  Cjj = 2.79188e-168,  Cij = 2.73263e-168

*******************************************************************************
Thu Aug 25 00:18:26 2022


FIT:    data read from "4sheet.txt" using 1:6:7
        format = x:z:s
        x range restricted to [100.000 : 300.000]
        #datapoints = 201
function used for fitting: g(x)
	g(x) = g*exp(-((x-h)/i)**2/2)
fitted parameters initialized with current variable values

iter      chisq       delta/lim  lambda   g             h             i            
   0 8.2574753786e+03   0.00e+00  0.00e+00   -1.651554e+04  -1.172033e+04   4.192346e+02
BREAK: w = 0 in Givens();  Cjj = 6.18466e-168,  Cij = 6.05423e-168

*******************************************************************************
Thu Aug 25 00:19:06 2022


FIT:    data read from "4sheet.txt" using 1:6:7
        format = x:z:s
        x range restricted to [100.000 : 300.000]
        #datapoints = 201
function used for fitting: g(x)
	g(x) = g*exp(-((x-h)/i)**2/2)
fitted parameters initialized with current variable values

iter      chisq       delta/lim  lambda   g             h             i            
   0 2.2433152929e+03   0.00e+00  8.16e+00    4.000000e-01   2.000000e+02   1.000000e+02
   4 1.9107260385e+02  -1.43e-02  8.16e-04    2.814513e-01   2.073856e+02   8.048326e+01

After 4 iterations the fit converged.
final sum of squares of residuals : 191.073
rel. change during last iteration : -1.43091e-07

degrees of freedom    (FIT_NDF)                        : 198
rms of residuals      (FIT_STDFIT) = sqrt(WSSR/ndf)    : 0.982351
variance of residuals (reduced chisquare) = WSSR/ndf   : 0.965013
p-value of the Chisq distribution (FIT_P)              : 0.625005

Final set of parameters            Asymptotic Standard Error
=======================            ==========================
g               = 0.281451         +/- 0.004212     (1.496%)
h               = 207.386          +/- 1.619        (0.7805%)
i               = 80.4833          +/- 2.497        (3.102%)

correlation matrix of the fit parameters:
                g      h      i      
g               1.000 
h              -0.054  1.000 
i              -0.650 -0.228  1.000 


*******************************************************************************
Thu Aug 25 00:57:44 2022


FIT:    data read from "4sheet.txt" using 1:6:7
        format = x:z:s
        x range restricted to [100.000 : 300.000]
        #datapoints = 201
function used for fitting: g(x)
	g(x) = g*exp(-((x-h)/i)**2/2)
fitted parameters initialized with current variable values

iter      chisq       delta/lim  lambda   g             h             i            
   0 2.2433152929e+03   0.00e+00  8.16e+00    4.000000e-01   2.000000e+02   1.000000e+02
   4 1.9107260385e+02  -1.43e-02  8.16e-04    2.814513e-01   2.073856e+02   8.048326e+01

After 4 iterations the fit converged.
final sum of squares of residuals : 191.073
rel. change during last iteration : -1.43091e-07

degrees of freedom    (FIT_NDF)                        : 198
rms of residuals      (FIT_STDFIT) = sqrt(WSSR/ndf)    : 0.982351
variance of residuals (reduced chisquare) = WSSR/ndf   : 0.965013
p-value of the Chisq distribution (FIT_P)              : 0.625005

Final set of parameters            Asymptotic Standard Error
=======================            ==========================
g               = 0.281451         +/- 0.004212     (1.496%)
h               = 207.386          +/- 1.619        (0.7805%)
i               = 80.4833          +/- 2.497        (3.102%)

correlation matrix of the fit parameters:
                g      h      i      
g               1.000 
h              -0.054  1.000 
i              -0.650 -0.228  1.000 


*******************************************************************************
Thu Aug 25 00:57:54 2022


FIT:    data read from "3sheet.txt" using 1:6:7
        format = x:z:s
        x range restricted to [100.000 : 300.000]
        #datapoints = 201
function used for fitting: g(x)
	g(x) = g*exp(-((x-h)/i)**2/2)
fitted parameters initialized with current variable values

iter      chisq       delta/lim  lambda   g             h             i            
   0 1.2254511846e+05   0.00e+00  1.26e+02    2.814513e-01   2.073856e+02   8.048326e+01
   3 9.3607341853e+04  -6.50e-01  1.26e-01    3.141376e-01   2.087652e+02   7.673065e+01

After 3 iterations the fit converged.
final sum of squares of residuals : 93607.3
rel. change during last iteration : -6.50491e-06

degrees of freedom    (FIT_NDF)                        : 198
rms of residuals      (FIT_STDFIT) = sqrt(WSSR/ndf)    : 21.7431
variance of residuals (reduced chisquare) = WSSR/ndf   : 472.764
p-value of the Chisq distribution (FIT_P)              : 0

Final set of parameters            Asymptotic Standard Error
=======================            ==========================
g               = 0.314138         +/- 0.005091     (1.621%)
h               = 208.765          +/- 1.614        (0.7731%)
i               = 76.7306          +/- 2.399        (3.127%)

correlation matrix of the fit parameters:
                g      h      i      
g               1.000 
h              -0.062  1.000 
i              -0.650 -0.192  1.000 


*******************************************************************************
Thu Aug 25 00:58:45 2022


FIT:    data read from "3sheet.txt" using 1:6
        format = x:z
        x range restricted to [100.000 : 300.000]
        #datapoints = 201
        residuals are weighted equally (unit weight)

function used for fitting: g(x)
	g(x) = g*exp(-((x-h)/i)**2/2)
fitted parameters initialized with current variable values

iter      chisq       delta/lim  lambda   g             h             i            
   0 4.8462476876e-01   0.00e+00  2.86e-01    3.141376e-01   2.087652e+02   7.673065e+01
   3 4.7526063383e-01  -3.51e-01  2.86e-04    3.224990e-01   2.089620e+02   7.224096e+01

After 3 iterations the fit converged.
final sum of squares of residuals : 0.475261
rel. change during last iteration : -3.51277e-06

degrees of freedom    (FIT_NDF)                        : 198
rms of residuals      (FIT_STDFIT) = sqrt(WSSR/ndf)    : 0.0489929
variance of residuals (reduced chisquare) = WSSR/ndf   : 0.00240031

Final set of parameters            Asymptotic Standard Error
=======================            ==========================
g               = 0.322499         +/- 0.005851     (1.814%)
h               = 208.962          +/- 1.644        (0.7867%)
i               = 72.241           +/- 2.268        (3.139%)

correlation matrix of the fit parameters:
                g      h      i      
g               1.000 
h              -0.070  1.000 
i              -0.648  0.166  1.000 


*******************************************************************************
Thu Aug 25 00:59:16 2022


FIT:    data read from "3sheet.txt" using 1:6:7
        format = x:z:s
        x range restricted to [100.000 : 300.000]
        #datapoints = 201
function used for fitting: g(x)
	g(x) = g*exp(-((x-h)/i)**2/2)
fitted parameters initialized with current variable values

iter      chisq       delta/lim  lambda   g             h             i            
   0 9.5710154622e+04   0.00e+00  1.58e+02    3.224990e-01   2.089620e+02   7.224096e+01
   3 9.3607334262e+04  -7.25e-02  1.58e-01    3.141328e-01   2.087605e+02   7.673608e+01

After 3 iterations the fit converged.
final sum of squares of residuals : 93607.3
rel. change during last iteration : -7.24874e-07

degrees of freedom    (FIT_NDF)                        : 198
rms of residuals      (FIT_STDFIT) = sqrt(WSSR/ndf)    : 21.7431
variance of residuals (reduced chisquare) = WSSR/ndf   : 472.764
p-value of the Chisq distribution (FIT_P)              : 0

Final set of parameters            Asymptotic Standard Error
=======================            ==========================
g               = 0.314133         +/- 0.005091     (1.621%)
h               = 208.76           +/- 1.614        (0.7732%)
i               = 76.7361          +/- 2.4          (3.127%)

correlation matrix of the fit parameters:
                g      h      i      
g               1.000 
h              -0.062  1.000 
i              -0.650 -0.192  1.000 


*******************************************************************************
Thu Aug 25 11:03:32 2022


FIT:    data read from "4sheet.txt" using 1:6:7
        format = x:z:s
        x range restricted to [100.000 : 300.000]
        #datapoints = 201
function used for fitting: g(x)
	g(x) = g*exp(-((x-h)/i)**2/2)
fitted parameters initialized with current variable values

iter      chisq       delta/lim  lambda   g             h             i            
   0 4.6362967927e+03   0.00e+00  2.34e+01    5.000000e-01   2.000000e+02   2.000000e+01
   6 1.9107260376e+02  -1.06e-02  2.34e-05    2.814516e-01   2.073852e+02   8.048321e+01

After 6 iterations the fit converged.
final sum of squares of residuals : 191.073
rel. change during last iteration : -1.06436e-07

degrees of freedom    (FIT_NDF)                        : 198
rms of residuals      (FIT_STDFIT) = sqrt(WSSR/ndf)    : 0.982351
variance of residuals (reduced chisquare) = WSSR/ndf   : 0.965013
p-value of the Chisq distribution (FIT_P)              : 0.625005

Final set of parameters            Asymptotic Standard Error
=======================            ==========================
g               = 0.281452         +/- 0.004212     (1.496%)
h               = 207.385          +/- 1.619        (0.7805%)
i               = 80.4832          +/- 2.497        (3.102%)

correlation matrix of the fit parameters:
                g      h      i      
g               1.000 
h              -0.054  1.000 
i              -0.650 -0.228  1.000 


*******************************************************************************
Thu Aug 25 11:04:20 2022


FIT:    data read from "3sheet.txt" using 1:6:7
        format = x:z:s
        x range restricted to [100.000 : 300.000]
        #datapoints = 201
function used for fitting: g(x)
	g(x) = g*exp(-((x-h)/i)**2/2)
fitted parameters initialized with current variable values

iter      chisq       delta/lim  lambda   g             h             i            
   0 1.2254516574e+05   0.00e+00  1.26e+02    2.814516e-01   2.073852e+02   8.048321e+01
   3 9.3607341854e+04  -6.51e-01  1.26e-01    3.141376e-01   2.087652e+02   7.673065e+01

After 3 iterations the fit converged.
final sum of squares of residuals : 93607.3
rel. change during last iteration : -6.50611e-06

degrees of freedom    (FIT_NDF)                        : 198
rms of residuals      (FIT_STDFIT) = sqrt(WSSR/ndf)    : 21.7431
variance of residuals (reduced chisquare) = WSSR/ndf   : 472.764
p-value of the Chisq distribution (FIT_P)              : 0

Final set of parameters            Asymptotic Standard Error
=======================            ==========================
g               = 0.314138         +/- 0.005091     (1.621%)
h               = 208.765          +/- 1.614        (0.7731%)
i               = 76.7306          +/- 2.399        (3.127%)

correlation matrix of the fit parameters:
                g      h      i      
g               1.000 
h              -0.062  1.000 
i              -0.650 -0.192  1.000 


*******************************************************************************
Thu Aug 25 11:04:55 2022


FIT:    data read from "4sheet.txt" using 1:6:7
        format = x:z:s
        x range restricted to [100.000 : 300.000]
        #datapoints = 201
function used for fitting: g(x)
	g(x) = g*exp(-((x-h)/i)**2/2)
fitted parameters initialized with current variable values

iter      chisq       delta/lim  lambda   g             h             i            
   0 2.7651495582e+02   0.00e+00  7.94e+00    3.141376e-01   2.087652e+02   7.673065e+01
   3 1.9107260565e+02  -1.54e-01  7.94e-03    2.814541e-01   2.073860e+02   8.048078e+01

After 3 iterations the fit converged.
final sum of squares of residuals : 191.073
rel. change during last iteration : -1.54078e-06

degrees of freedom    (FIT_NDF)                        : 198
rms of residuals      (FIT_STDFIT) = sqrt(WSSR/ndf)    : 0.982351
variance of residuals (reduced chisquare) = WSSR/ndf   : 0.965013
p-value of the Chisq distribution (FIT_P)              : 0.625005

Final set of parameters            Asymptotic Standard Error
=======================            ==========================
g               = 0.281454         +/- 0.004212     (1.496%)
h               = 207.386          +/- 1.619        (0.7805%)
i               = 80.4808          +/- 2.496        (3.102%)

correlation matrix of the fit parameters:
                g      h      i      
g               1.000 
h              -0.054  1.000 
i              -0.650 -0.228  1.000 
